Using pre-set license
Built from '2020.3/staging' branch; Version is '2020.3.13f1 (71691879b7f5) revision 7432472'; Using compiler version '192528614'; Build Type 'Release'
OS: 'Windows 10 Home; OS build 18363.535; Version 1909; 64bit' Language: 'el' Physical Memory: 16230 MB
BatchMode: 1, IsHumanControllingUs: 0, StartBugReporterOnCrash: 0, Is64bit: 1, IsPro: 0

 COMMAND LINE ARGUMENTS:
D:\Programs\Unity Editors\2020.3.13f1\Editor\Unity.exe
-adb2
-batchMode
-noUpm
-name
AssetImportWorker0
-projectPath
C:/Users/User1/NewUnityProject
-logFile
Logs/AssetImportWorker0.log
-srvPort
49766
Successfully changed project path to: C:/Users/User1/NewUnityProject
C:/Users/User1/NewUnityProject
Using Asset Import Pipeline V2.
Refreshing native plugins compatible for Editor in 49.73 ms, found 4 plugins.
Preloading 0 native plugins for Editor in 0.00 ms.
Initialize engine version: 2020.3.13f1 (71691879b7f5)
[Subsystems] Discovering subsystems at path D:/Programs/Unity Editors/2020.3.13f1/Editor/Data/Resources/UnitySubsystems
[Subsystems] Discovering subsystems at path C:/Users/User1/NewUnityProject/Assets
GfxDevice: creating device client; threaded=0
Direct3D:
    Version:  Direct3D 11.0 [level 11.1]
    Renderer: NVIDIA GeForce GTX 1060 (ID=0x1c20)
    Vendor:   
    VRAM:     6052 MB
    Driver:   30.0.14.9709
Initialize mono
Mono path[0] = 'D:/Programs/Unity Editors/2020.3.13f1/Editor/Data/Managed'
Mono path[1] = 'D:/Programs/Unity Editors/2020.3.13f1/Editor/Data/MonoBleedingEdge/lib/mono/unityjit'
Mono config path = 'D:/Programs/Unity Editors/2020.3.13f1/Editor/Data/MonoBleedingEdge/etc'
Using monoOptions --debugger-agent=transport=dt_socket,embedding=1,server=y,suspend=n,address=127.0.0.1:56764
Begin MonoManager ReloadAssembly
Registering precompiled unity dll's ...
Register platform support module: D:/Programs/Unity Editors/2020.3.13f1/Editor/Data/PlaybackEngines/WebGLSupport/UnityEditor.WebGL.Extensions.dll
Register platform support module: D:/Programs/Unity Editors/2020.3.13f1/Editor/Data/PlaybackEngines/MacStandaloneSupport/UnityEditor.OSXStandalone.Extensions.dll
Register platform support module: D:/Programs/Unity Editors/2020.3.13f1/Editor/Data/PlaybackEngines/WindowsStandaloneSupport/UnityEditor.WindowsStandalone.Extensions.dll
Register platform support module: D:/Programs/Unity Editors/2020.3.13f1/Editor/Data/PlaybackEngines/LuminSupport/UnityEditor.Lumin.Extensions.dll
Registered in 0.001131 seconds.
Native extension for Lumin target not found
Native extension for WindowsStandalone target not found
Native extension for OSXStandalone target not found
Native extension for WebGL target not found
Refreshing native plugins compatible for Editor in 42.96 ms, found 4 plugins.
Preloading 0 native plugins for Editor in 0.00 ms.
Mono: successfully reloaded assembly
- Completed reload, in  1.372 seconds
Platform modules already initialized, skipping
Registering precompiled user dll's ...
Registered in 0.004480 seconds.
Begin MonoManager ReloadAssembly
Native extension for Lumin target not found
Native extension for WindowsStandalone target not found
Native extension for OSXStandalone target not found
Native extension for WebGL target not found
Refreshing native plugins compatible for Editor in 0.76 ms, found 4 plugins.
Preloading 0 native plugins for Editor in 0.00 ms.
Mono: successfully reloaded assembly
- Completed reload, in  1.128 seconds
Platform modules already initialized, skipping
========================================================================
Worker process is ready to serve import requests
Launched and connected shader compiler UnityShaderCompiler.exe after 0.04 seconds
Refreshing native plugins compatible for Editor in 0.76 ms, found 4 plugins.
Preloading 0 native plugins for Editor in 0.00 ms.
Unloading 2276 Unused Serialized files (Serialized files now loaded: 0)
System memory in use before: 109.8 MB.
System memory in use after: 110.0 MB.

Unloading 50 unused Assets to reduce memory usage. Loaded Objects now: 2704.
Total: 2.868600 ms (FindLiveObjects: 0.270100 ms CreateObjectMapping: 0.105500 ms MarkObjects: 2.385300 ms  DeleteObjects: 0.106900 ms)

AssetImportParameters requested are different than current active one (requested -> active):
  custom:framework-win-MediaFoundation: 216162199b28c13a410421893ffa2e32 -> 
  custom:video-decoder-ogg-theora: a1e56fd34408186e4bbccfd4996cb3dc -> 
  custom:container-muxer-webm: aa71ff27fc2769a1b78a27578f13a17b -> 
  custom:container-demuxer-webm: 4f35f7cbe854078d1ac9338744f61a02 -> 
  custom:container-demuxer-ogg: 62fdf1f143b41e24485cea50d1cbac27 -> 
  custom:video-encoder-webm-vp8: eb34c28f22e8b96e1ab97ce403110664 -> 
  custom:video-decoder-webm-vp8: 9c59270c3fd7afecdb556c50c9e8de78 -> 
  custom:audio-decoder-ogg-vorbis: bf7c407c2cedff20999df2af8eb42d56 -> 
  custom:audio-encoder-webm-vorbis: bf7c407c2cedff20999df2af8eb42d56 -> 
========================================================================
Received Import Request.
  path: Assets/Scenes/Chat.unity
  artifactKey: Guid(74176bdb5e93e74489306becda4ea705) Importer(815301076,1909f56bfc062723c751e8b465ee728b)
Start importing Assets/Scenes/Chat.unity using Guid(74176bdb5e93e74489306becda4ea705) Importer(815301076,1909f56bfc062723c751e8b465ee728b)  -> (artifact id: 'f4a01c6630968598033ed336bce9b964') in 0.021327 seconds 
  Import took 0.024947 seconds .

========================================================================
Received Import Request.
  Time since last request: 10.140775 seconds.
  path: Assets/Photon/PhotonUnityNetworking/Demos/DemoSlotRacer/Kenney Assets/Stylized city/Materials/11 - Default.mat
  artifactKey: Guid(b7d67d7d7ddb88542b23886a4b496c77) Importer(815301076,1909f56bfc062723c751e8b465ee728b)
Start importing Assets/Photon/PhotonUnityNetworking/Demos/DemoSlotRacer/Kenney Assets/Stylized city/Materials/11 - Default.mat using Guid(b7d67d7d7ddb88542b23886a4b496c77) Importer(815301076,1909f56bfc062723c751e8b465ee728b)  -> (artifact id: 'e0951d45975ba48a159d6b94ad72bc15') in 0.274705 seconds 
  Import took 0.278507 seconds .

========================================================================
Received Import Request.
  Time since last request: 11.469164 seconds.
  path: Assets/Scenes/UserFeedback.unity
  artifactKey: Guid(1bcba52903c1bea4db865626b5294605) Importer(815301076,1909f56bfc062723c751e8b465ee728b)
Start importing Assets/Scenes/UserFeedback.unity using Guid(1bcba52903c1bea4db865626b5294605) Importer(815301076,1909f56bfc062723c751e8b465ee728b)  -> (artifact id: 'f0bed6fd9865ffb38fd178e7039a02fc') in 0.002855 seconds 
  Import took 0.007185 seconds .

========================================================================
Received Import Request.
  Time since last request: 128.746601 seconds.
  path: Assets/Scenes/LeaderBoard2.unity
  artifactKey: Guid(8f61c9208001c4d4f909f321163323d6) Importer(815301076,1909f56bfc062723c751e8b465ee728b)
Start importing Assets/Scenes/LeaderBoard2.unity using Guid(8f61c9208001c4d4f909f321163323d6) Importer(815301076,1909f56bfc062723c751e8b465ee728b)  -> (artifact id: 'e89b4ae1fcc4ca13620bf4cf20174ea4') in 0.002034 seconds 
  Import took 0.006659 seconds .

========================================================================
Received Import Request.
  Time since last request: 88.377488 seconds.
  path: Assets/Photon/PhotonUnityNetworking/Demos/Shared Assets/Animations/HumanoidIdle.fbx
  artifactKey: Guid(dffa50cfe77e0434bbfa71245b3dd529) Importer(815301076,1909f56bfc062723c751e8b465ee728b)
Start importing Assets/Photon/PhotonUnityNetworking/Demos/Shared Assets/Animations/HumanoidIdle.fbx using Guid(dffa50cfe77e0434bbfa71245b3dd529) Importer(815301076,1909f56bfc062723c751e8b465ee728b)  -> (artifact id: '83949f6026e687fd971f77ce2762820f') in 0.177626 seconds 
  Import took 0.182386 seconds .

========================================================================
Received Import Request.
  Time since last request: 0.000307 seconds.
  path: Assets/Photon/PhotonUnityNetworking/Demos/DemoSlotRacer/Kenney Assets/Stylized city/Materials/leaves_palm_243.mat
  artifactKey: Guid(6fe15af0e28a31a43bf683296709c6b0) Importer(815301076,1909f56bfc062723c751e8b465ee728b)
Start importing Assets/Photon/PhotonUnityNetworking/Demos/DemoSlotRacer/Kenney Assets/Stylized city/Materials/leaves_palm_243.mat using Guid(6fe15af0e28a31a43bf683296709c6b0) Importer(815301076,1909f56bfc062723c751e8b465ee728b)  -> (artifact id: 'fb63799491bc784c86defbde233a775c') in 0.013333 seconds 
  Import took 0.016706 seconds .

========================================================================
Received Import Request.
  Time since last request: 0.000203 seconds.
  path: Assets/Photon/PhotonUnityNetworking/Demos/DemoAsteroids/Materials/ParticleAfterburner.mat
  artifactKey: Guid(dc1a05fba9a6af241a25a35b4caf5e27) Importer(815301076,1909f56bfc062723c751e8b465ee728b)
Start importing Assets/Photon/PhotonUnityNetworking/Demos/DemoAsteroids/Materials/ParticleAfterburner.mat using Guid(dc1a05fba9a6af241a25a35b4caf5e27) Importer(815301076,1909f56bfc062723c751e8b465ee728b)  -> (artifact id: '93537c404de8fc3393e8a3d0496b3d2c') in 0.070555 seconds 
  Import took 0.073996 seconds .

========================================================================
Received Import Request.
  Time since last request: 1.025939 seconds.
  path: Assets/Scenes/LeaderBoard1.unity
  artifactKey: Guid(f6092bb3abbead548a1b83844731eff2) Importer(815301076,1909f56bfc062723c751e8b465ee728b)
Start importing Assets/Scenes/LeaderBoard1.unity using Guid(f6092bb3abbead548a1b83844731eff2) Importer(815301076,1909f56bfc062723c751e8b465ee728b)  -> (artifact id: '72811af1c11ea948813d2f24dbebd8b4') in 0.001721 seconds 
  Import took 0.005527 seconds .

========================================================================
Received Prepare
Registering precompiled user dll's ...
Registered in 0.003928 seconds.
Begin MonoManager ReloadAssembly
Native extension for Lumin target not found
Native extension for WindowsStandalone target not found
Native extension for OSXStandalone target not found
Native extension for WebGL target not found
Refreshing native plugins compatible for Editor in 0.76 ms, found 4 plugins.
Preloading 0 native plugins for Editor in 0.00 ms.
Mono: successfully reloaded assembly
- Completed reload, in  1.014 seconds
Platform modules already initialized, skipping
Switching build target platform(19) subTarget(0) extendedPlatform(0) -> platform(13) subTarget(524288) extendedPlatform(0)
Refreshing native plugins compatible for Editor in 0.78 ms, found 4 plugins.
Preloading 0 native plugins for Editor in 0.00 ms.
Unloading 2254 Unused Serialized files (Serialized files now loaded: 0)
System memory in use before: 111.3 MB.
System memory in use after: 111.4 MB.

Unloading 45 unused Assets to reduce memory usage. Loaded Objects now: 2751.
Total: 3.121800 ms (FindLiveObjects: 0.270900 ms CreateObjectMapping: 0.095000 ms MarkObjects: 2.670600 ms  DeleteObjects: 0.084300 ms)

AssetImportParameters requested are different than current active one (requested -> active):
  custom:framework-win-MediaFoundation: 216162199b28c13a410421893ffa2e32 -> 
  custom:video-decoder-ogg-theora: a1e56fd34408186e4bbccfd4996cb3dc -> 
  custom:container-muxer-webm: aa71ff27fc2769a1b78a27578f13a17b -> 
  custom:container-demuxer-webm: 4f35f7cbe854078d1ac9338744f61a02 -> 
  custom:container-demuxer-ogg: 62fdf1f143b41e24485cea50d1cbac27 -> 
  custom:video-encoder-webm-vp8: eb34c28f22e8b96e1ab97ce403110664 -> 
  custom:video-decoder-webm-vp8: 9c59270c3fd7afecdb556c50c9e8de78 -> 
  custom:graphics/normal-map-encoding: 01000000000000000000000000000000 -> 02000000000000000000000000000000
  custom:audio-decoder-ogg-vorbis: bf7c407c2cedff20999df2af8eb42d56 -> 
  custom:audio-encoder-webm-vorbis: bf7c407c2cedff20999df2af8eb42d56 -> 
AssetImportWorkerClient::OnTransportError - code=2 error=End of file
